2025-02-12 22:00:49.811 [main] INFO  t.Tc_AccountReg - **** Starting from Tc_AccountReg *****
2025-02-12 22:00:50.004 [main] INFO  t.Tc_AccountReg - **** Click on MyAccount *****
2025-02-12 22:00:53.002 [main] INFO  t.Tc_AccountReg - **** Click on AccountReg *****
2025-02-12 22:00:53.021 [main] INFO  t.Tc_AccountReg - **** Proveding Customer Details *****
2025-02-12 22:00:54.841 [main] INFO  t.Tc_AccountReg - **** Validating Expected Msg *****
2025-02-12 22:00:54.905 [main] INFO  t.Tc_AccountReg - *** my test is finesh*****
2025-02-12 23:02:41.548 [main] INFO  t.Tc_AccountReg - **** Starting from Tc_AccountReg *****
2025-02-12 23:02:41.691 [main] INFO  t.Tc_AccountReg - **** Click on MyAccount *****
2025-02-12 23:02:42.950 [main] INFO  t.Tc_AccountReg - **** Click on AccountReg *****
2025-02-12 23:02:42.955 [main] INFO  t.Tc_AccountReg - **** Proveding Customer Details *****
2025-02-12 23:02:44.705 [main] INFO  t.Tc_AccountReg - **** Validating Expected Msg *****
2025-02-12 23:02:44.760 [main] INFO  t.Tc_AccountReg - *** my test is finesh*****
2025-02-12 23:02:52.834 [main] INFO  t.Tc1_Logintest - *** Login test starting****
2025-02-12 23:02:57.838 [main] INFO  t.Tc1_Logintest - **** Login test is fineshed*******
2025-02-12 23:18:17.065 [main] INFO  t.Tc_AccountReg - **** Starting from Tc_AccountReg *****
2025-02-12 23:18:17.215 [main] INFO  t.Tc_AccountReg - **** Click on MyAccount *****
2025-02-12 23:18:21.496 [main] INFO  t.Tc_AccountReg - **** Click on AccountReg *****
2025-02-12 23:18:21.500 [main] INFO  t.Tc_AccountReg - **** Proveding Customer Details *****
2025-02-12 23:18:23.375 [main] INFO  t.Tc_AccountReg - **** Validating Expected Msg *****
2025-02-12 23:18:23.434 [main] INFO  t.Tc_AccountReg - *** my test is finesh*****
2025-02-12 23:18:40.752 [main] INFO  t.Tc1_Logintest - *** Login test starting****
2025-02-12 23:18:45.860 [main] INFO  t.Tc1_Logintest - **** Login test is fineshed*******
