19:52:11.067 [main]INFO testCases.Tc_AccountReg-**** Click on MyAccount *****
19:52:12.068 [main]INFO testCases.Tc_AccountReg-**** Click on AccountReg *****
19:52:12.081 [main]INFO testCases.Tc_AccountReg-**** Proveding Customer Details *****
19:52:13.753 [main]INFO testCases.Tc_AccountReg-**** Validating Expected Msg *****
19:52:13.790 [main]INFO testCases.Tc_AccountReg-*** my test is finesh*****
19:52:37.939 [main]INFO testCases.Tc1_Logintest-*** Login test starting****
19:52:42.812 [main]INFO testCases.Tc1_Logintest-**** Login test is fineshed*******
19:56:13.041 [main]INFO org.testng.internal.Utils-[TestNG] Running:
  C:\Users\Dell\bhaktha2\PracticeProject\testng.xml

19:56:24.053 [main]INFO testCases.Tc_AccountReg-**** Starting from Tc_AccountReg *****
19:56:24.189 [main]INFO testCases.Tc_AccountReg-**** Click on MyAccount *****
19:56:24.937 [main]INFO testCases.Tc_AccountReg-**** Click on AccountReg *****
19:56:24.942 [main]INFO testCases.Tc_AccountReg-**** Proveding Customer Details *****
19:56:26.763 [main]INFO testCases.Tc_AccountReg-**** Validating Expected Msg *****
19:56:26.822 [main]INFO testCases.Tc_AccountReg-*** my test is finesh*****
19:56:33.273 [main]INFO testCases.Tc1_Logintest-*** Login test starting****
19:56:38.464 [main]INFO testCases.Tc1_Logintest-**** Login test is fineshed*******
20:03:50.413 [main]INFO org.testng.internal.Utils-[TestNG] Running:
  C:\Users\Dell\bhaktha2\PracticeProject\testng.xml

20:03:56.136 [main]INFO testCases.Tc_AccountReg-**** Starting from Tc_AccountReg *****
20:03:56.386 [main]INFO testCases.Tc_AccountReg-**** Click on MyAccount *****
20:03:57.322 [main]INFO testCases.Tc_AccountReg-**** Click on AccountReg *****
20:03:57.325 [main]INFO testCases.Tc_AccountReg-**** Proveding Customer Details *****
20:03:59.100 [main]INFO testCases.Tc_AccountReg-**** Validating Expected Msg *****
20:03:59.153 [main]INFO testCases.Tc_AccountReg-*** my test is finesh*****
20:04:03.264 [main]INFO testCases.Tc1_Logintest-*** Login test starting****
20:04:08.229 [main]INFO testCases.Tc1_Logintest-**** Login test is fineshed*******
20:08:51.735 [main]INFO org.testng.internal.Utils-[TestNG] Running:
  C:\Users\Dell\bhaktha2\PracticeProject\testng.xml

20:09:02.459 [main]INFO testCases.Tc_AccountReg-**** Starting from Tc_AccountReg *****
20:09:02.607 [main]INFO testCases.Tc_AccountReg-**** Click on MyAccount *****
20:09:04.766 [main]INFO testCases.Tc_AccountReg-**** Click on AccountReg *****
20:09:04.770 [main]INFO testCases.Tc_AccountReg-**** Proveding Customer Details *****
20:09:06.383 [main]INFO testCases.Tc_AccountReg-**** Validating Expected Msg *****
20:09:06.444 [main]INFO testCases.Tc_AccountReg-*** my test is finesh*****
20:09:16.048 [main]INFO testCases.Tc1_Logintest-*** Login test starting****
20:09:20.859 [main]INFO testCases.Tc1_Logintest-**** Login test is fineshed*******
11:28:28.887 [main]INFO org.testng.internal.Utils-[TestNG] Running:
  C:\Users\Dell\bhaktha2\PracticeProject\testng.xml

11:30:45.995 [main]INFO org.testng.internal.Utils-[TestNG] Running:
  C:\Users\Dell\bhaktha2\PracticeProject\testng.xml

22:27:13.672 [main]INFO org.testng.internal.Utils-[TestNG] Running:
  C:\Users\Dell\bhaktha2\PracticeProject\testng.xml

22:27:37.810 [main]INFO testCases.Tc_AccountReg-**** Starting from Tc_AccountReg *****
22:27:38.007 [main]INFO testCases.Tc_AccountReg-**** Click on MyAccount *****
22:27:43.043 [main]INFO testCases.Tc_AccountReg-**** Click on AccountReg *****
22:27:43.064 [main]INFO testCases.Tc_AccountReg-**** Proveding Customer Details *****
22:27:44.861 [main]INFO testCases.Tc_AccountReg-**** Validating Expected Msg *****
22:27:44.931 [main]INFO testCases.Tc_AccountReg-*** my test is finesh*****
22:27:59.308 [main]INFO testCases.Tc1_Logintest-*** Login test starting****
22:28:04.110 [main]INFO testCases.Tc1_Logintest-**** Login test is fineshed*******
17:27:07.488 [main]INFO org.testng.internal.Utils-[TestNG] Running:
  C:\Users\Dell\bhaktha2\PracticeProject\testng.xml

17:27:08.048 [main]INFO testCases.Tc_AccountReg-**** Starting from Tc_AccountReg *****
17:33:39.406 [main]INFO org.testng.internal.Utils-[TestNG] Running:
  C:\Users\Dell\bhaktha2\PracticeProject\testng.xml

17:33:39.921 [main]INFO testCases.Tc_AccountReg-**** Starting from Tc_AccountReg *****
17:36:05.518 [main]INFO org.testng.internal.Utils-[TestNG] Running:
  C:\Users\Dell\bhaktha2\PracticeProject\testng.xml

17:36:05.963 [main]INFO testCases.Tc_AccountReg-**** Starting from Tc_AccountReg *****
17:45:01.769 [main]INFO org.testng.internal.Utils-[TestNG] Running:
  C:\Users\Dell\bhaktha2\PracticeProject\testng.xml

17:45:08.985 [main]INFO testCases.Tc_AccountReg-**** Starting from Tc_AccountReg *****
17:45:09.313 [main]INFO testCases.Tc_AccountReg-**** Click on MyAccount *****
17:45:10.265 [main]INFO testCases.Tc_AccountReg-**** Click on AccountReg *****
17:45:10.290 [main]INFO testCases.Tc_AccountReg-**** Proveding Customer Details *****
